
behavioral simulation of S/360 subset
addr: 00000100 = tag 2, index 0, is a miss, put into bank 0
addr: 00000210 = tag 4, index 2, is a miss, put into bank 0
addr: 00000320 = tag 6, index 4, is a miss, put into bank 0
addr: 00000104 = tag 2, index 0, is a hit in bank 0
addr: 00000214 = tag 4, index 2, is a hit in bank 0
addr: 00000324 = tag 6, index 4, is a hit in bank 0
addr: 00000108 = tag 2, index 1, is a miss, put into bank 0
addr: 00000218 = tag 4, index 3, is a miss, put into bank 0
addr: 00000328 = tag 6, index 5, is a miss, put into bank 0
addr: 0000010c = tag 2, index 1, is a hit in bank 0
addr: 0000021c = tag 4, index 3, is a hit in bank 0
addr: 0000032c = tag 6, index 5, is a hit in bank 0
addr: 00000110 = tag 2, index 2, is a miss, put into bank 1
addr: 00000220 = tag 4, index 4, is a miss, put into bank 1
addr: 00000330 = tag 6, index 6, is a miss, put into bank 0
addr: 00000114 = tag 2, index 2, is a hit in bank 1
addr: 00000224 = tag 4, index 4, is a hit in bank 1
addr: 00000334 = tag 6, index 6, is a hit in bank 0
addr: 00000118 = tag 2, index 3, is a miss, put into bank 1
addr: 00000228 = tag 4, index 5, is a miss, put into bank 1
addr: 00000338 = tag 6, index 7, is a miss, put into bank 0
addr: 0000011c = tag 2, index 3, is a hit in bank 1
addr: 0000022c = tag 4, index 5, is a hit in bank 1
addr: 0000033c = tag 6, index 7, is a hit in bank 0
addr: 00000120 = tag 2, index 4, is a miss, put into bank 0
addr: 00000230 = tag 4, index 6, is a miss, put into bank 1
addr: 00000340 = tag 6, index 8, is a miss, put into bank 0
addr: 00000124 = tag 2, index 4, is a hit in bank 0
addr: 00000234 = tag 4, index 6, is a hit in bank 1
addr: 00000344 = tag 6, index 8, is a hit in bank 0
addr: 00000128 = tag 2, index 5, is a miss, put into bank 0
addr: 00000238 = tag 4, index 7, is a miss, put into bank 1
addr: 00000348 = tag 6, index 9, is a miss, put into bank 0
addr: 0000012c = tag 2, index 5, is a hit in bank 0
addr: 0000023c = tag 4, index 7, is a hit in bank 1
addr: 0000034c = tag 6, index 9, is a hit in bank 0
addr: 00000130 = tag 2, index 6, is a miss, put into bank 0
addr: 00000240 = tag 4, index 8, is a miss, put into bank 1
addr: 00000350 = tag 6, index a, is a miss, put into bank 0
addr: 00000134 = tag 2, index 6, is a hit in bank 0
addr: 00000244 = tag 4, index 8, is a hit in bank 1
addr: 00000354 = tag 6, index a, is a hit in bank 0
addr: 00000138 = tag 2, index 7, is a miss, put into bank 0
addr: 00000248 = tag 4, index 9, is a miss, put into bank 1
addr: 00000358 = tag 6, index b, is a miss, put into bank 0
addr: 0000013c = tag 2, index 7, is a hit in bank 0
addr: 0000024c = tag 4, index 9, is a hit in bank 1
addr: 0000035c = tag 6, index b, is a hit in bank 0
addr: 00000140 = tag 2, index 8, is a miss, put into bank 0
addr: 00000250 = tag 4, index a, is a miss, put into bank 1
addr: 00000360 = tag 6, index c, is a miss, put into bank 0
addr: 00000144 = tag 2, index 8, is a hit in bank 0
addr: 00000254 = tag 4, index a, is a hit in bank 1
addr: 00000364 = tag 6, index c, is a hit in bank 0
addr: 00000148 = tag 2, index 9, is a miss, put into bank 0
addr: 00000258 = tag 4, index b, is a miss, put into bank 1
addr: 00000368 = tag 6, index d, is a miss, put into bank 0
addr: 0000014c = tag 2, index 9, is a hit in bank 0
addr: 0000025c = tag 4, index b, is a hit in bank 1
addr: 0000036c = tag 6, index d, is a hit in bank 0
addr: 00000150 = tag 2, index a, is a miss, put into bank 0
addr: 00000260 = tag 4, index c, is a miss, put into bank 1
addr: 00000370 = tag 6, index e, is a miss, put into bank 0
addr: 00000154 = tag 2, index a, is a hit in bank 0
addr: 00000264 = tag 4, index c, is a hit in bank 1
addr: 00000374 = tag 6, index e, is a hit in bank 0
addr: 00000158 = tag 2, index b, is a miss, put into bank 0
addr: 00000268 = tag 4, index d, is a miss, put into bank 1
addr: 00000378 = tag 6, index f, is a miss, put into bank 0
addr: 0000015c = tag 2, index b, is a hit in bank 0
addr: 0000026c = tag 4, index d, is a hit in bank 1
addr: 0000037c = tag 6, index f, is a hit in bank 0
addr: 00000160 = tag 2, index c, is a miss, put into bank 0
addr: 00000270 = tag 4, index e, is a miss, put into bank 1
addr: 00000380 = tag 7, index 0, is a miss, put into bank 1
addr: 00000164 = tag 2, index c, is a hit in bank 0
addr: 00000274 = tag 4, index e, is a hit in bank 1
addr: 00000384 = tag 7, index 0, is a hit in bank 1
addr: 00000168 = tag 2, index d, is a miss, put into bank 0
addr: 00000278 = tag 4, index f, is a miss, put into bank 1
addr: 00000388 = tag 7, index 1, is a miss, put into bank 1
addr: 0000016c = tag 2, index d, is a hit in bank 0
addr: 0000027c = tag 4, index f, is a hit in bank 1
addr: 0000038c = tag 7, index 1, is a hit in bank 1
addr: 00000170 = tag 2, index e, is a miss, put into bank 0
addr: 00000280 = tag 5, index 0, is a miss, put into bank 0
addr: 00000390 = tag 7, index 2, is a miss, put into bank 0
addr: 00000174 = tag 2, index e, is a hit in bank 0
addr: 00000284 = tag 5, index 0, is a hit in bank 0
addr: 00000394 = tag 7, index 2, is a hit in bank 0
addr: 00000178 = tag 2, index f, is a miss, put into bank 0
addr: 00000288 = tag 5, index 1, is a miss, put into bank 0
addr: 00000398 = tag 7, index 3, is a miss, put into bank 0
addr: 0000017c = tag 2, index f, is a hit in bank 0
addr: 0000028c = tag 5, index 1, is a hit in bank 0
addr: 0000039c = tag 7, index 3, is a hit in bank 0
addr: 00000180 = tag 3, index 0, is a miss, put into bank 1
addr: 00000290 = tag 5, index 2, is a miss, put into bank 1
addr: 000003a0 = tag 7, index 4, is a miss, put into bank 1
addr: 00000184 = tag 3, index 0, is a hit in bank 1
addr: 00000294 = tag 5, index 2, is a hit in bank 1
addr: 000003a4 = tag 7, index 4, is a hit in bank 1
addr: 00000188 = tag 3, index 1, is a miss, put into bank 1
addr: 00000298 = tag 5, index 3, is a miss, put into bank 1
addr: 000003a8 = tag 7, index 5, is a miss, put into bank 1
addr: 0000018c = tag 3, index 1, is a hit in bank 1
addr: 0000029c = tag 5, index 3, is a hit in bank 1
addr: 000003ac = tag 7, index 5, is a hit in bank 1
addr: 00000190 = tag 3, index 2, is a miss, put into bank 0
addr: 000002a0 = tag 5, index 4, is a miss, put into bank 0
addr: 000003b0 = tag 7, index 6, is a miss, put into bank 1
addr: 00000194 = tag 3, index 2, is a hit in bank 0
addr: 000002a4 = tag 5, index 4, is a hit in bank 0
addr: 000003b4 = tag 7, index 6, is a hit in bank 1
addr: 00000198 = tag 3, index 3, is a miss, put into bank 0
addr: 000002a8 = tag 5, index 5, is a miss, put into bank 0
addr: 000003b8 = tag 7, index 7, is a miss, put into bank 1
addr: 0000019c = tag 3, index 3, is a hit in bank 0
addr: 000002ac = tag 5, index 5, is a hit in bank 0
addr: 000003bc = tag 7, index 7, is a hit in bank 1
addr: 000001a0 = tag 3, index 4, is a miss, put into bank 1
addr: 000002b0 = tag 5, index 6, is a miss, put into bank 0
addr: 000003c0 = tag 7, index 8, is a miss, put into bank 1
addr: 000001a4 = tag 3, index 4, is a hit in bank 1
addr: 000002b4 = tag 5, index 6, is a hit in bank 0
addr: 000003c4 = tag 7, index 8, is a hit in bank 1
addr: 000001a8 = tag 3, index 5, is a miss, put into bank 1
addr: 000002b8 = tag 5, index 7, is a miss, put into bank 0
addr: 000003c8 = tag 7, index 9, is a miss, put into bank 1
addr: 000001ac = tag 3, index 5, is a hit in bank 1
addr: 000002bc = tag 5, index 7, is a hit in bank 0
addr: 000003cc = tag 7, index 9, is a hit in bank 1
addr: 000001b0 = tag 3, index 6, is a miss, put into bank 1
addr: 000002c0 = tag 5, index 8, is a miss, put into bank 0
addr: 000003d0 = tag 7, index a, is a miss, put into bank 1
addr: 000001b4 = tag 3, index 6, is a hit in bank 1
addr: 000002c4 = tag 5, index 8, is a hit in bank 0
addr: 000003d4 = tag 7, index a, is a hit in bank 1
addr: 000001b8 = tag 3, index 7, is a miss, put into bank 1
addr: 000002c8 = tag 5, index 9, is a miss, put into bank 0
addr: 000003d8 = tag 7, index b, is a miss, put into bank 1
addr: 000001bc = tag 3, index 7, is a hit in bank 1
addr: 000002cc = tag 5, index 9, is a hit in bank 0
addr: 000003dc = tag 7, index b, is a hit in bank 1
addr: 000001c0 = tag 3, index 8, is a miss, put into bank 1
addr: 000002d0 = tag 5, index a, is a miss, put into bank 0
addr: 000003e0 = tag 7, index c, is a miss, put into bank 1
addr: 000001c4 = tag 3, index 8, is a hit in bank 1
addr: 000002d4 = tag 5, index a, is a hit in bank 0
addr: 000003e4 = tag 7, index c, is a hit in bank 1
addr: 000001c8 = tag 3, index 9, is a miss, put into bank 1
addr: 000002d8 = tag 5, index b, is a miss, put into bank 0
addr: 000003e8 = tag 7, index d, is a miss, put into bank 1
addr: 000001cc = tag 3, index 9, is a hit in bank 1
addr: 000002dc = tag 5, index b, is a hit in bank 0
addr: 000003ec = tag 7, index d, is a hit in bank 1
addr: 000001d0 = tag 3, index a, is a miss, put into bank 1
addr: 000002e0 = tag 5, index c, is a miss, put into bank 0
addr: 000003f0 = tag 7, index e, is a miss, put into bank 1
addr: 000001d4 = tag 3, index a, is a hit in bank 1
addr: 000002e4 = tag 5, index c, is a hit in bank 0
addr: 000003f4 = tag 7, index e, is a hit in bank 1
addr: 000001d8 = tag 3, index b, is a miss, put into bank 1
addr: 000002e8 = tag 5, index d, is a miss, put into bank 0
addr: 000003f8 = tag 7, index f, is a miss, put into bank 1
addr: 000001dc = tag 3, index b, is a hit in bank 1
addr: 000002ec = tag 5, index d, is a hit in bank 0
addr: 000003fc = tag 7, index f, is a hit in bank 1
addr: 000001e0 = tag 3, index c, is a miss, put into bank 1
addr: 000002f0 = tag 5, index e, is a miss, put into bank 0
addr: 00000400 = tag 8, index 0, is a miss, put into bank 0
addr: 000001e4 = tag 3, index c, is a hit in bank 1
addr: 000002f4 = tag 5, index e, is a hit in bank 0
addr: 00000404 = tag 8, index 0, is a hit in bank 0
addr: 000001e8 = tag 3, index d, is a miss, put into bank 1
addr: 000002f8 = tag 5, index f, is a miss, put into bank 0
addr: 00000408 = tag 8, index 1, is a miss, put into bank 0
addr: 000001ec = tag 3, index d, is a hit in bank 1
addr: 000002fc = tag 5, index f, is a hit in bank 0
addr: 0000040c = tag 8, index 1, is a hit in bank 0
addr: 000001f0 = tag 3, index e, is a miss, put into bank 1
addr: 00000300 = tag 6, index 0, is a miss, put into bank 1
addr: 00000410 = tag 8, index 2, is a miss, put into bank 1
addr: 000001f4 = tag 3, index e, is a hit in bank 1
addr: 00000304 = tag 6, index 0, is a hit in bank 1
addr: 00000414 = tag 8, index 2, is a hit in bank 1
addr: 000001f8 = tag 3, index f, is a miss, put into bank 1
addr: 00000308 = tag 6, index 1, is a miss, put into bank 1
addr: 00000418 = tag 8, index 3, is a miss, put into bank 1
addr: 000001fc = tag 3, index f, is a hit in bank 1
addr: 0000030c = tag 6, index 1, is a hit in bank 1
addr: 0000041c = tag 8, index 3, is a hit in bank 1

execution statistics
  instruction fetches = 519
    LR  instructions  = 0
    CR  instructions  = 0
    AR  instructions  = 256
    SR  instructions  = 1
    LA  instructions  = 6
    BCT instructions  = 64, taken = 63 (98.4%)
    BC  instructions  = 0
    ST  instructions  = 192
    L   instructions  = 0
    C   instructions  = 0
  memory data reads   = 0
  memory data writes  = 192
  cache hits          = 96
  cache misses        = 96
